2022-12-01 11:23:15,486 INFO [background-preinit] org.hibernate.validator.internal.util.Version: HV000001: Hibernate Validator 6.2.2.Final
2022-12-01 11:23:15,492 INFO [restartedMain] org.springframework.boot.StartupInfoLogger: Starting Application using Java 11.0.13 on DESKTOP-JC36LHP with PID 5176 (C:\Users\Utilisateur\Documents\Master\Master2\S01\Projet_tutore\cfa-vaadin\target\classes started by Utilisateur in C:\Users\Utilisateur\Documents\Master\Master2\S01\Projet_tutore\cfa-vaadin)
2022-12-01 11:23:15,495 DEBUG [restartedMain] org.springframework.boot.StartupInfoLogger: Running with Spring Boot v2.6.4, Spring v5.3.16
2022-12-01 11:23:15,496 INFO [restartedMain] org.springframework.boot.SpringApplication: No active profile set, falling back to 1 default profile: "default"
2022-12-01 11:23:15,555 INFO [restartedMain] org.springframework.boot.logging.DeferredLog: Devtools property defaults active! Set 'spring.devtools.add-properties' to 'false' to disable
2022-12-01 11:23:15,556 INFO [restartedMain] org.springframework.boot.logging.DeferredLog: For additional web related logging consider setting the 'logging.level.web' property to 'DEBUG'
2022-12-01 11:23:16,693 INFO [restartedMain] org.springframework.data.repository.config.RepositoryConfigurationDelegate: Bootstrapping Spring Data JPA repositories in DEFAULT mode.
2022-12-01 11:23:16,831 INFO [restartedMain] org.springframework.data.repository.config.RepositoryConfigurationDelegate: Finished Spring Data repository scanning in 128 ms. Found 14 JPA repository interfaces.
2022-12-01 11:23:18,014 INFO [restartedMain] org.springframework.boot.web.embedded.tomcat.TomcatWebServer: Tomcat initialized with port(s): 8080 (http)
2022-12-01 11:23:18,027 INFO [restartedMain] org.apache.juli.logging.DirectJDKLog: Initializing ProtocolHandler ["http-nio-8080"]
2022-12-01 11:23:18,028 INFO [restartedMain] org.apache.juli.logging.DirectJDKLog: Starting service [Tomcat]
2022-12-01 11:23:18,028 INFO [restartedMain] org.apache.juli.logging.DirectJDKLog: Starting Servlet engine: [Apache Tomcat/9.0.58]
2022-12-01 11:23:18,176 INFO [restartedMain] org.apache.juli.logging.DirectJDKLog: Initializing Spring embedded WebApplicationContext
2022-12-01 11:23:18,176 INFO [restartedMain] org.springframework.boot.web.servlet.context.ServletWebServerApplicationContext: Root WebApplicationContext: initialization completed in 2620 ms
2022-12-01 11:23:18,385 INFO [restartedMain] com.vaadin.flow.spring.VaadinServletContextInitializer$VaadinAppShellContextListener: Search for VaadinAppShell took 28 ms
2022-12-01 11:23:19,159 INFO [restartedMain] com.vaadin.flow.spring.VaadinServletContextInitializer$DevModeServletContextListener: Search for subclasses and classes with annotations took 618 ms
2022-12-01 11:23:19,240 INFO [restartedMain] com.vaadin.base.devserver.startup.DevModeInitializer: Starting dev-mode updaters in C:\Users\Utilisateur\Documents\Master\Master2\S01\Projet_tutore\cfa-vaadin folder.
2022-12-01 11:23:19,283 INFO [restartedMain] com.vaadin.flow.server.frontend.scanner.FullDependenciesScanner: Visited 159 classes. Took 25 ms.
2022-12-01 11:23:19,399 INFO [ForkJoinPool.commonPool-worker-19] com.vaadin.flow.server.frontend.TaskRunNpmInstall: Skipping `npm install` because the frontend packages are already installed in the folder 'C:\Users\Utilisateur\Documents\Master\Master2\S01\Projet_tutore\cfa-vaadin\node_modules' and the hash in the file 'C:\Users\Utilisateur\Documents\Master\Master2\S01\Projet_tutore\cfa-vaadin\node_modules\.vaadin\vaadin.json' is the same as in 'package.json'
2022-12-01 11:23:19,400 INFO [ForkJoinPool.commonPool-worker-19] com.vaadin.flow.server.frontend.TaskCopyFrontendFiles: Copying frontend resources from jar files ...
2022-12-01 11:23:19,493 INFO [ForkJoinPool.commonPool-worker-19] com.vaadin.flow.server.frontend.TaskCopyFrontendFiles: Visited 19 resources. Took 93 ms.
2022-12-01 11:23:19,537 INFO [restartedMain] com.zaxxer.hikari.HikariDataSource: HikariPool-1 - Starting...
2022-12-01 11:23:19,546 INFO [ForkJoinPool.commonPool-worker-19] com.vaadin.base.devserver.AbstractDevServerRunner: Starting Webpack
2022-12-01 11:23:19,762 INFO [restartedMain] com.zaxxer.hikari.HikariDataSource: HikariPool-1 - Start completed.
2022-12-01 11:23:19,783 INFO [restartedMain] org.flywaydb.core.internal.logging.slf4j.Slf4jLog: Flyway Community Edition 8.0.5 by Redgate
2022-12-01 11:23:19,784 INFO [restartedMain] org.flywaydb.core.internal.logging.slf4j.Slf4jLog: Database: jdbc:postgresql://localhost:5432/cfa_sb (PostgreSQL 14.2)
2022-12-01 11:23:19,863 INFO [restartedMain] org.flywaydb.core.internal.logging.slf4j.Slf4jLog: Successfully validated 52 migrations (execution time 00:00.058s)
2022-12-01 11:23:19,874 INFO [restartedMain] org.flywaydb.core.internal.logging.slf4j.Slf4jLog: Current version of schema "public": 52
2022-12-01 11:23:19,876 INFO [restartedMain] org.flywaydb.core.internal.logging.slf4j.Slf4jLog: Schema "public" is up to date. No migration necessary.
2022-12-01 11:23:20,007 INFO [restartedMain] org.hibernate.jpa.internal.util.LogHelper: HHH000204: Processing PersistenceUnitInfo [name: default]
2022-12-01 11:23:20,099 INFO [restartedMain] org.hibernate.Version: HHH000412: Hibernate ORM core version 5.6.5.Final
2022-12-01 11:23:20,335 INFO [restartedMain] org.hibernate.annotations.common.reflection.java.JavaReflectionManager: HCANN000001: Hibernate Commons Annotations {5.1.2.Final}
2022-12-01 11:23:20,493 INFO [restartedMain] org.hibernate.dialect.Dialect: HHH000400: Using dialect: org.hibernate.dialect.PostgreSQL10Dialect
2022-12-01 11:23:21,661 INFO [restartedMain] org.hibernate.engine.transaction.jta.platform.internal.JtaPlatformInitiator: HHH000490: Using JtaPlatform implementation: [org.hibernate.engine.transaction.jta.platform.internal.NoJtaPlatform]
2022-12-01 11:23:21,671 INFO [restartedMain] org.springframework.orm.jpa.AbstractEntityManagerFactoryBean: Initialized JPA EntityManagerFactory for persistence unit 'default'
2022-12-01 11:23:22,771 WARN [restartedMain] org.springframework.boot.autoconfigure.orm.jpa.JpaBaseConfiguration$JpaWebConfiguration: spring.jpa.open-in-view is enabled by default. Therefore, database queries may be performed during view rendering. Explicitly configure spring.jpa.open-in-view to disable this warning
2022-12-01 11:23:22,999 WARN [restartedMain] org.springframework.security.config.annotation.web.builders.WebSecurity: You are asking Spring Security to ignore Or [Ant [pattern='/favicon.ico'], Ant [pattern='/manifest.webmanifest'], Ant [pattern='/sw.js'], Ant [pattern='/sw-runtime-resources-precache.js'], Ant [pattern='/offline.html'], Ant [pattern='/offline-stub.html'], Ant [pattern='/icons/icon.png'], Ant [pattern='/themes/**'], Ant [pattern='/icons/icon-144x144.png'], Ant [pattern='/icons/icon-192x192.png'], Ant [pattern='/icons/icon-512x512.png'], Ant [pattern='/icons/icon-16x16.png'], Ant [pattern='/icons/icon-32x32.png'], Ant [pattern='/icons/icon-96x96.png'], Ant [pattern='/icons/icon-180x180.png'], Ant [pattern='/icons/icon-2048x2732.png'], Ant [pattern='/icons/icon-2732x2048.png'], Ant [pattern='/icons/icon-1668x2388.png'], Ant [pattern='/icons/icon-2388x1668.png'], Ant [pattern='/icons/icon-1668x2224.png'], Ant [pattern='/icons/icon-2224x1668.png'], Ant [pattern='/icons/icon-1620x2160.png'], Ant [pattern='/icons/icon-2160x1620.png'], Ant [pattern='/icons/icon-1536x2048.png'], Ant [pattern='/icons/icon-2048x1536.png'], Ant [pattern='/icons/icon-1284x2778.png'], Ant [pattern='/icons/icon-2778x1284.png'], Ant [pattern='/icons/icon-1170x2532.png'], Ant [pattern='/icons/icon-2532x1170.png'], Ant [pattern='/icons/icon-1125x2436.png'], Ant [pattern='/icons/icon-2436x1125.png'], Ant [pattern='/icons/icon-1242x2688.png'], Ant [pattern='/icons/icon-2688x1242.png'], Ant [pattern='/icons/icon-828x1792.png'], Ant [pattern='/icons/icon-1792x828.png'], Ant [pattern='/icons/icon-1242x2208.png'], Ant [pattern='/icons/icon-2208x1242.png'], Ant [pattern='/icons/icon-750x1334.png'], Ant [pattern='/icons/icon-1334x750.png'], Ant [pattern='/icons/icon-640x1136.png'], Ant [pattern='/icons/icon-1136x640.png']]. This is not recommended -- please use permitAll via HttpSecurity#authorizeHttpRequests instead.
2022-12-01 11:23:23,000 INFO [restartedMain] org.springframework.security.web.DefaultSecurityFilterChain: Will secure Or [Ant [pattern='/favicon.ico'], Ant [pattern='/manifest.webmanifest'], Ant [pattern='/sw.js'], Ant [pattern='/sw-runtime-resources-precache.js'], Ant [pattern='/offline.html'], Ant [pattern='/offline-stub.html'], Ant [pattern='/icons/icon.png'], Ant [pattern='/themes/**'], Ant [pattern='/icons/icon-144x144.png'], Ant [pattern='/icons/icon-192x192.png'], Ant [pattern='/icons/icon-512x512.png'], Ant [pattern='/icons/icon-16x16.png'], Ant [pattern='/icons/icon-32x32.png'], Ant [pattern='/icons/icon-96x96.png'], Ant [pattern='/icons/icon-180x180.png'], Ant [pattern='/icons/icon-2048x2732.png'], Ant [pattern='/icons/icon-2732x2048.png'], Ant [pattern='/icons/icon-1668x2388.png'], Ant [pattern='/icons/icon-2388x1668.png'], Ant [pattern='/icons/icon-1668x2224.png'], Ant [pattern='/icons/icon-2224x1668.png'], Ant [pattern='/icons/icon-1620x2160.png'], Ant [pattern='/icons/icon-2160x1620.png'], Ant [pattern='/icons/icon-1536x2048.png'], Ant [pattern='/icons/icon-2048x1536.png'], Ant [pattern='/icons/icon-1284x2778.png'], Ant [pattern='/icons/icon-2778x1284.png'], Ant [pattern='/icons/icon-1170x2532.png'], Ant [pattern='/icons/icon-2532x1170.png'], Ant [pattern='/icons/icon-1125x2436.png'], Ant [pattern='/icons/icon-2436x1125.png'], Ant [pattern='/icons/icon-1242x2688.png'], Ant [pattern='/icons/icon-2688x1242.png'], Ant [pattern='/icons/icon-828x1792.png'], Ant [pattern='/icons/icon-1792x828.png'], Ant [pattern='/icons/icon-1242x2208.png'], Ant [pattern='/icons/icon-2208x1242.png'], Ant [pattern='/icons/icon-750x1334.png'], Ant [pattern='/icons/icon-1334x750.png'], Ant [pattern='/icons/icon-640x1136.png'], Ant [pattern='/icons/icon-1136x640.png']] with []
2022-12-01 11:23:23,000 WARN [restartedMain] org.springframework.security.config.annotation.web.builders.WebSecurity: You are asking Spring Security to ignore Ant [pattern='/images/*.png']. This is not recommended -- please use permitAll via HttpSecurity#authorizeHttpRequests instead.
2022-12-01 11:23:23,001 INFO [restartedMain] org.springframework.security.web.DefaultSecurityFilterChain: Will secure Ant [pattern='/images/*.png'] with []
2022-12-01 11:23:23,001 WARN [restartedMain] org.springframework.security.config.annotation.web.builders.WebSecurity: You are asking Spring Security to ignore Ant [pattern='/resources/**']. This is not recommended -- please use permitAll via HttpSecurity#authorizeHttpRequests instead.
2022-12-01 11:23:23,001 INFO [restartedMain] org.springframework.security.web.DefaultSecurityFilterChain: Will secure Ant [pattern='/resources/**'] with []
2022-12-01 11:23:23,001 WARN [restartedMain] org.springframework.security.config.annotation.web.builders.WebSecurity: You are asking Spring Security to ignore Ant [pattern='static/**']. This is not recommended -- please use permitAll via HttpSecurity#authorizeHttpRequests instead.
2022-12-01 11:23:23,001 INFO [restartedMain] org.springframework.security.web.DefaultSecurityFilterChain: Will secure Ant [pattern='static/**'] with []
2022-12-01 11:23:23,035 INFO [restartedMain] org.springframework.security.web.DefaultSecurityFilterChain: Will not secure any request
2022-12-01 11:23:23,518 INFO [restartedMain] org.springframework.boot.devtools.autoconfigure.OptionalLiveReloadServer: LiveReload server is running on port 35729
2022-12-01 11:23:23,671 INFO [restartedMain] org.apache.juli.logging.DirectJDKLog: Starting ProtocolHandler ["http-nio-8080"]
2022-12-01 11:23:23,709 INFO [restartedMain] com.vaadin.flow.server.DefaultDeploymentConfiguration: 
Vaadin is running in DEBUG MODE.
When deploying application for production, remember to disable debug features. See more from https://vaadin.com/docs/
2022-12-01 11:23:23,775 INFO [restartedMain] org.springframework.boot.web.embedded.tomcat.TomcatWebServer: Tomcat started on port(s): 8080 (http) with context path ''
2022-12-01 11:23:23,788 INFO [restartedMain] org.springframework.boot.StartupInfoLogger: Started Application in 8.673 seconds (JVM running for 9.522)
2022-12-01 11:23:23,822 INFO [restartedMain] nc.unc.application.data.generator.DataGenerator: Using existing database
2022-12-01 11:23:24,632 INFO [restartedMain] org.springframework.boot.logging.DeferredLog: Devtools property defaults active! Set 'spring.devtools.add-properties' to 'false' to disable
2022-12-01 11:23:24,633 INFO [restartedMain] org.springframework.boot.logging.DeferredLog: For additional web related logging consider setting the 'logging.level.web' property to 'DEBUG'
2022-12-01 11:23:24,650 INFO [restartedMain] org.springframework.boot.StartupInfoLogger: Starting Application using Java 11.0.13 on DESKTOP-JC36LHP with PID 5176 (C:\Users\Utilisateur\Documents\Master\Master2\S01\Projet_tutore\cfa-vaadin\target\classes started by Utilisateur in C:\Users\Utilisateur\Documents\Master\Master2\S01\Projet_tutore\cfa-vaadin)
2022-12-01 11:23:24,651 DEBUG [restartedMain] org.springframework.boot.StartupInfoLogger: Running with Spring Boot v2.6.4, Spring v5.3.16
2022-12-01 11:23:24,652 INFO [restartedMain] org.springframework.boot.SpringApplication: No active profile set, falling back to 1 default profile: "default"
2022-12-01 11:23:24,665 WARN [restartedMain] org.springframework.context.support.AbstractApplicationContext: Exception encountered during context initialization - cancelling refresh attempt: org.springframework.context.ApplicationContextException: Unable to start web server; nested exception is org.springframework.context.ApplicationContextException: Unable to start ServletWebServerApplicationContext due to missing ServletWebServerFactory bean.
2022-12-01 11:23:24,865 ERROR [restartedMain] org.springframework.boot.SpringApplication: Application run failed
org.springframework.context.ApplicationContextException: Unable to start web server; nested exception is org.springframework.context.ApplicationContextException: Unable to start ServletWebServerApplicationContext due to missing ServletWebServerFactory bean.
	at org.springframework.boot.web.servlet.context.ServletWebServerApplicationContext.onRefresh(ServletWebServerApplicationContext.java:163)
	at org.springframework.context.support.AbstractApplicationContext.refresh(AbstractApplicationContext.java:577)
	at org.springframework.boot.web.servlet.context.ServletWebServerApplicationContext.refresh(ServletWebServerApplicationContext.java:145)
	at org.springframework.boot.SpringApplication.refresh(SpringApplication.java:740)
	at org.springframework.boot.SpringApplication.refreshContext(SpringApplication.java:415)
	at org.springframework.boot.SpringApplication.run(SpringApplication.java:303)
	at org.springframework.boot.SpringApplication.run(SpringApplication.java:1312)
	at org.springframework.boot.SpringApplication.run(SpringApplication.java:1301)
	at nc.unc.application.Application.main(Application.java:32)
	at java.base/jdk.internal.reflect.NativeMethodAccessorImpl.invoke0(Native Method)
	at java.base/jdk.internal.reflect.NativeMethodAccessorImpl.invoke(NativeMethodAccessorImpl.java:62)
	at java.base/jdk.internal.reflect.DelegatingMethodAccessorImpl.invoke(DelegatingMethodAccessorImpl.java:43)
	at java.base/java.lang.reflect.Method.invoke(Method.java:566)
	at org.springframework.boot.devtools.restart.RestartLauncher.run(RestartLauncher.java:49)
Caused by: org.springframework.context.ApplicationContextException: Unable to start ServletWebServerApplicationContext due to missing ServletWebServerFactory bean.
	at org.springframework.boot.web.servlet.context.ServletWebServerApplicationContext.getWebServerFactory(ServletWebServerApplicationContext.java:210)
	at org.springframework.boot.web.servlet.context.ServletWebServerApplicationContext.createWebServer(ServletWebServerApplicationContext.java:180)
	at org.springframework.boot.web.servlet.context.ServletWebServerApplicationContext.onRefresh(ServletWebServerApplicationContext.java:160)
	... 13 common frames omitted
2022-12-01 11:23:24,988 INFO [http-nio-8080-exec-1] org.springframework.web.servlet.FrameworkServlet: Initializing Servlet 'dispatcherServlet'
2022-12-01 11:23:24,990 INFO [http-nio-8080-exec-1] org.springframework.web.servlet.FrameworkServlet: Completed initialization in 2 ms
2022-12-01 11:23:26,363 INFO [ForkJoinPool.commonPool-worker-19] com.vaadin.base.devserver.AbstractDevServerRunner: Running Webpack to compile frontend resources. This may take a moment, please stand by...
2022-12-01 11:23:30,293 INFO [dev-server-output] com.vaadin.base.devserver.DevServerOutputTracker$Finder: [webpack-dev-server] Project is running at:
2022-12-01 11:23:30,294 INFO [dev-server-output] com.vaadin.base.devserver.DevServerOutputTracker$Finder: [webpack-dev-server] Loopback: http://localhost:9235/
2022-12-01 11:23:30,294 INFO [dev-server-output] com.vaadin.base.devserver.DevServerOutputTracker$Finder: [webpack-dev-server] On Your Network (IPv4): http://192.168.43.243:9235/
2022-12-01 11:23:30,295 INFO [dev-server-output] com.vaadin.base.devserver.DevServerOutputTracker$Finder: [webpack-dev-server] Content not from webpack is served from 'C:\Users\Utilisateur\Documents\Master\Master2\S01\Projet_tutore\cfa-vaadin\target\classes\META-INF\VAADIN\webapp, C:\Users\Utilisateur\Documents\Master\Master2\S01\Projet_tutore\cfa-vaadin\src\main\webapp' directory
2022-12-01 11:23:34,658 INFO [dev-server-output] com.vaadin.base.devserver.DevServerOutputTracker$Finder: [build-status] : Compiled.
2022-12-01 11:23:34,662 INFO [ForkJoinPool.commonPool-worker-19] com.vaadin.base.devserver.AbstractDevServerRunner: Started Webpack. Time: 15117ms
2022-12-01 11:23:34,710 INFO [dev-server-output] com.vaadin.base.devserver.DevServerOutputTracker$Finder: No issues found.
2022-12-01 11:23:36,322 INFO [dev-server-output] com.vaadin.base.devserver.DevServerOutputTracker$Finder: [webpack-dev-middleware] wait until bundle finished: /sw.js
2022-12-01 11:23:36,426 INFO [dev-server-output] com.vaadin.base.devserver.DevServerOutputTracker$Finder: 
2022-12-01 11:23:36,427 INFO [dev-server-output] com.vaadin.base.devserver.DevServerOutputTracker$Finder: WARNING in InjectManifest has been called multiple times, perhaps due to running webpack in --watch mode. The precache manifest generated after the first call may be inaccurate! Please see https://github.com/GoogleChrome/workbox/issues/1790 for more information.
2022-12-01 11:23:36,433 INFO [dev-server-output] com.vaadin.base.devserver.DevServerOutputTracker$Finder: [build-status] 1 warning were reported.
2022-12-01 11:23:36,434 INFO [dev-server-output] com.vaadin.base.devserver.DevServerOutputTracker$Finder: [build-status] : Compiled.
2022-12-01 11:23:36,444 INFO [dev-server-output] com.vaadin.base.devserver.DevServerOutputTracker$Finder: No issues found.
2022-12-01 11:23:39,929 INFO [SpringApplicationShutdownHook] org.springframework.orm.jpa.AbstractEntityManagerFactoryBean: Closing JPA EntityManagerFactory for persistence unit 'default'
2022-12-01 11:23:39,935 INFO [SpringApplicationShutdownHook] com.zaxxer.hikari.HikariDataSource: HikariPool-1 - Shutdown initiated...
2022-12-01 11:23:39,940 INFO [SpringApplicationShutdownHook] com.zaxxer.hikari.HikariDataSource: HikariPool-1 - Shutdown completed.
